# JRE version: OpenJDK Runtime Environment Temurin-21.0.10+7 (21.0.10+7) (build 21.0.10+7-LTS)
# Java VM: OpenJDK 64-Bit Server VM Temurin-21.0.10+7 (21.0.10+7-LTS, mixed mode, sharing, tiered, compressed oops, compressed class ptrs, parallel gc, windows-amd64)
GC Precious Log:
 CardTable entry size: 512
 CPUs: 8 total, 8 available
 Memory: 16071M
 Large Page Support: Disabled
 NUMA Support: Disabled
 Compressed Oops: Enabled (32-bit)
 Alignments: Space 512K, Generation 512K, Heap 2M
 Heap Min Capacity: 100M
 Heap Initial Capacity: 100M
 Heap Max Capacity: 2G
 Pre-touch: Disabled
 Parallel Workers: 8
Heap:
 PSYoungGen      total 8704K, used 5024K [0x00000000d5580000, 0x00000000d5e80000, 0x0000000100000000)
  eden space 7680K, 61% used [0x00000000d5580000,0x00000000d5a25950,0x00000000d5d00000)
  from space 1024K, 26% used [0x00000000d5d00000,0x00000000d5d42910,0x00000000d5e00000)
  to   space 512K, 0% used [0x00000000d5e00000,0x00000000d5e00000,0x00000000d5e80000)
 ParOldGen       total 1394176K, used 1393668K [0x0000000080000000, 0x00000000d5180000, 0x00000000d5580000)
  object space 1394176K, 99% used [0x0000000080000000,0x00000000d51010f8,0x00000000d5180000)
 Metaspace       used 98951K, committed 100992K, reserved 1179648K
  class space    used 10107K, committed 11072K, reserved 1048576K
GC Heap History (20 events):
Event: 1569.292 GC heap before
{Heap before GC invocations=5259 (full 6):
 PSYoungGen      total 8704K, used 7994K [0x00000000d5580000, 0x00000000d5f00000, 0x0000000100000000)
  eden space 7680K, 100% used [0x00000000d5580000,0x00000000d5d00000,0x00000000d5d00000)
  from space 1024K, 30% used [0x00000000d5d00000,0x00000000d5d4e900,0x00000000d5e00000)
  to   space 512K, 0% used [0x00000000d5e80000,0x00000000d5e80000,0x00000000d5f00000)
 ParOldGen       total 1392128K, used 1392097K [0x0000000080000000, 0x00000000d4f80000, 0x00000000d5580000)
  object space 1392128K, 99% used [0x0000000080000000,0x00000000d4f78658,0x00000000d4f80000)
 Metaspace       used 98908K, committed 100992K, reserved 1179648K
  class space    used 10104K, committed 11072K, reserved 1048576K
}
Event: 1569.296 GC heap after
{Heap after GC invocations=5259 (full 6):
 PSYoungGen      total 8192K, used 474K [0x00000000d5580000, 0x00000000d5f00000, 0x0000000100000000)
  eden space 7680K, 0% used [0x00000000d5580000,0x00000000d5580000,0x00000000d5d00000)
  from space 512K, 92% used [0x00000000d5e80000,0x00000000d5ef6900,0x00000000d5f00000)
  to   space 512K, 0% used [0x00000000d5e00000,0x00000000d5e00000,0x00000000d5e80000)
 ParOldGen       total 1392640K, used 1392161K [0x0000000080000000, 0x00000000d5000000, 0x00000000d5580000)
  object space 1392640K, 99% used [0x0000000080000000,0x00000000d4f88668,0x00000000d5000000)
 Metaspace       used 98908K, committed 100992K, reserved 1179648K
  class space    used 10104K, committed 11072K, reserved 1048576K
}
Event: 1569.321 GC heap before
{Heap before GC invocations=5260 (full 6):
 PSYoungGen      total 8192K, used 8154K [0x00000000d5580000, 0x00000000d5f00000, 0x0000000100000000)
  eden space 7680K, 100% used [0x00000000d5580000,0x00000000d5d00000,0x00000000d5d00000)
  from space 512K, 92% used [0x00000000d5e80000,0x00000000d5ef6900,0x00000000d5f00000)
  to   space 512K, 0% used [0x00000000d5e00000,0x00000000d5e00000,0x00000000d5e80000)
 ParOldGen       total 1392640K, used 1392161K [0x0000000080000000, 0x00000000d5000000, 0x00000000d5580000)
  object space 1392640K, 99% used [0x0000000080000000,0x00000000d4f88668,0x00000000d5000000)
 Metaspace       used 98908K, committed 100992K, reserved 1179648K
  class space    used 10104K, committed 11072K, reserved 1048576K
}
Event: 1569.325 GC heap after
{Heap after GC invocations=5260 (full 6):
 PSYoungGen      total 8192K, used 160K [0x00000000d5580000, 0x00000000d5f00000, 0x0000000100000000)
  eden space 7680K, 0% used [0x00000000d5580000,0x00000000d5580000,0x00000000d5d00000)
  from space 512K, 31% used [0x00000000d5e00000,0x00000000d5e28000,0x00000000d5e80000)
  to   space 512K, 0% used [0x00000000d5e80000,0x00000000d5e80000,0x00000000d5f00000)
 ParOldGen       total 1392640K, used 1392205K [0x0000000080000000, 0x00000000d5000000, 0x00000000d5580000)
  object space 1392640K, 99% used [0x0000000080000000,0x00000000d4f937b8,0x00000000d5000000)
 Metaspace       used 98908K, committed 100992K, reserved 1179648K
  class space    used 10104K, committed 11072K, reserved 1048576K
}
Event: 1569.339 GC heap before
{Heap before GC invocations=5261 (full 6):
 PSYoungGen      total 8192K, used 7840K [0x00000000d5580000, 0x00000000d5f00000, 0x0000000100000000)
  eden space 7680K, 100% used [0x00000000d5580000,0x00000000d5d00000,0x00000000d5d00000)
  from space 512K, 31% used [0x00000000d5e00000,0x00000000d5e28000,0x00000000d5e80000)
  to   space 512K, 0% used [0x00000000d5e80000,0x00000000d5e80000,0x00000000d5f00000)
 ParOldGen       total 1392640K, used 1392205K [0x0000000080000000, 0x00000000d5000000, 0x00000000d5580000)
  object space 1392640K, 99% used [0x0000000080000000,0x00000000d4f937b8,0x00000000d5000000)
 Metaspace       used 98908K, committed 100992K, reserved 1179648K
  class space    used 10104K, committed 11072K, reserved 1048576K
}
Event: 1569.343 GC heap after
{Heap after GC invocations=5261 (full 6):
 PSYoungGen      total 8192K, used 378K [0x00000000d5580000, 0x00000000d5f00000, 0x0000000100000000)
  eden space 7680K, 0% used [0x00000000d5580000,0x00000000d5580000,0x00000000d5d00000)
  from space 512K, 73% used [0x00000000d5e80000,0x00000000d5ede900,0x00000000d5f00000)
  to   space 512K, 0% used [0x00000000d5e00000,0x00000000d5e00000,0x00000000d5e80000)
 ParOldGen       total 1392640K, used 1392205K [0x0000000080000000, 0x00000000d5000000, 0x00000000d5580000)
  object space 1392640K, 99% used [0x0000000080000000,0x00000000d4f937b8,0x00000000d5000000)
 Metaspace       used 98908K, committed 100992K, reserved 1179648K
  class space    used 10104K, committed 11072K, reserved 1048576K
}
Event: 1569.365 GC heap before
{Heap before GC invocations=5262 (full 6):
 PSYoungGen      total 8192K, used 8058K [0x00000000d5580000, 0x00000000d5f00000, 0x0000000100000000)
  eden space 7680K, 100% used [0x00000000d5580000,0x00000000d5d00000,0x00000000d5d00000)
  from space 512K, 73% used [0x00000000d5e80000,0x00000000d5ede900,0x00000000d5f00000)
  to   space 512K, 0% used [0x00000000d5e00000,0x00000000d5e00000,0x00000000d5e80000)
 ParOldGen       total 1392640K, used 1392205K [0x0000000080000000, 0x00000000d5000000, 0x00000000d5580000)
  object space 1392640K, 99% used [0x0000000080000000,0x00000000d4f937b8,0x00000000d5000000)
 Metaspace       used 98908K, committed 100992K, reserved 1179648K
  class space    used 10104K, committed 11072K, reserved 1048576K
}
Event: 1569.370 GC heap after
{Heap after GC invocations=5262 (full 6):
 PSYoungGen      total 8192K, used 510K [0x00000000d5580000, 0x00000000d5f00000, 0x0000000100000000)
  eden space 7680K, 0% used [0x00000000d5580000,0x00000000d5580000,0x00000000d5d00000)
  from space 512K, 99% used [0x00000000d5e00000,0x00000000d5e7f980,0x00000000d5e80000)
  to   space 512K, 0% used [0x00000000d5e80000,0x00000000d5e80000,0x00000000d5f00000)
 ParOldGen       total 1392640K, used 1392333K [0x0000000080000000, 0x00000000d5000000, 0x00000000d5580000)
  object space 1392640K, 99% used [0x0000000080000000,0x00000000d4fb37c8,0x00000000d5000000)
 Metaspace       used 98908K, committed 100992K, reserved 1179648K
  class space    used 10104K, committed 11072K, reserved 1048576K
}
Event: 1569.546 GC heap before
{Heap before GC invocations=5263 (full 6):
 PSYoungGen      total 8192K, used 8190K [0x00000000d5580000, 0x00000000d5f00000, 0x0000000100000000)
  eden space 7680K, 100% used [0x00000000d5580000,0x00000000d5d00000,0x00000000d5d00000)
  from space 512K, 99% used [0x00000000d5e00000,0x00000000d5e7f980,0x00000000d5e80000)
  to   space 512K, 0% used [0x00000000d5e80000,0x00000000d5e80000,0x00000000d5f00000)
 ParOldGen       total 1392640K, used 1392333K [0x0000000080000000, 0x00000000d5000000, 0x00000000d5580000)
  object space 1392640K, 99% used [0x0000000080000000,0x00000000d4fb37c8,0x00000000d5000000)
 Metaspace       used 98909K, committed 100992K, reserved 1179648K
  class space    used 10104K, committed 11072K, reserved 1048576K
}
Event: 1569.552 GC heap after
{Heap after GC invocations=5263 (full 6):
 PSYoungGen      total 8192K, used 500K [0x00000000d5580000, 0x00000000d6000000, 0x0000000100000000)
  eden space 7680K, 0% used [0x00000000d5580000,0x00000000d5580000,0x00000000d5d00000)
  from space 512K, 97% used [0x00000000d5e80000,0x00000000d5efd200,0x00000000d5f00000)
  to   space 1536K, 0% used [0x00000000d5d00000,0x00000000d5d00000,0x00000000d5e80000)
 ParOldGen       total 1393152K, used 1392943K [0x0000000080000000, 0x00000000d5080000, 0x00000000d5580000)
  object space 1393152K, 99% used [0x0000000080000000,0x00000000d504bef8,0x00000000d5080000)
 Metaspace       used 98909K, committed 100992K, reserved 1179648K
  class space    used 10104K, committed 11072K, reserved 1048576K
}
Event: 1569.894 GC heap before
{Heap before GC invocations=5264 (full 6):
 PSYoungGen      total 8192K, used 8180K [0x00000000d5580000, 0x00000000d6000000, 0x0000000100000000)
  eden space 7680K, 99% used [0x00000000d5580000,0x00000000d5cffff0,0x00000000d5d00000)
  from space 512K, 97% used [0x00000000d5e80000,0x00000000d5efd200,0x00000000d5f00000)
  to   space 1536K, 0% used [0x00000000d5d00000,0x00000000d5d00000,0x00000000d5e80000)
 ParOldGen       total 1393152K, used 1392943K [0x0000000080000000, 0x00000000d5080000, 0x00000000d5580000)
  object space 1393152K, 99% used [0x0000000080000000,0x00000000d504bef8,0x00000000d5080000)
 Metaspace       used 98915K, committed 100992K, reserved 1179648K
  class space    used 10104K, committed 11072K, reserved 1048576K
}
Event: 1569.899 GC heap after
{Heap after GC invocations=5264 (full 6):
 PSYoungGen      total 8192K, used 362K [0x00000000d5580000, 0x00000000d5f00000, 0x0000000100000000)
  eden space 7680K, 0% used [0x00000000d5580000,0x00000000d5580000,0x00000000d5d00000)
  from space 512K, 70% used [0x00000000d5d00000,0x00000000d5d5a910,0x00000000d5d80000)
  to   space 1024K, 0% used [0x00000000d5e00000,0x00000000d5e00000,0x00000000d5f00000)
 ParOldGen       total 1393664K, used 1393452K [0x0000000080000000, 0x00000000d5100000, 0x00000000d5580000)
  object space 1393664K, 99% used [0x0000000080000000,0x00000000d50cb0f8,0x00000000d5100000)
 Metaspace       used 98915K, committed 100992K, reserved 1179648K
  class space    used 10104K, committed 11072K, reserved 1048576K
}
Event: 1570.204 GC heap before
{Heap before GC invocations=5265 (full 6):
 PSYoungGen      total 8192K, used 8042K [0x00000000d5580000, 0x00000000d5f00000, 0x0000000100000000)
  eden space 7680K, 100% used [0x00000000d5580000,0x00000000d5d00000,0x00000000d5d00000)
  from space 512K, 70% used [0x00000000d5d00000,0x00000000d5d5a910,0x00000000d5d80000)
  to   space 1024K, 0% used [0x00000000d5e00000,0x00000000d5e00000,0x00000000d5f00000)
 ParOldGen       total 1393664K, used 1393452K [0x0000000080000000, 0x00000000d5100000, 0x00000000d5580000)
  object space 1393664K, 99% used [0x0000000080000000,0x00000000d50cb0f8,0x00000000d5100000)
 Metaspace       used 98916K, committed 100992K, reserved 1179648K
  class space    used 10104K, committed 11072K, reserved 1048576K
}
Event: 1570.207 GC heap after
{Heap after GC invocations=5265 (full 6):
 PSYoungGen      total 8192K, used 468K [0x00000000d5580000, 0x00000000d5e80000, 0x0000000100000000)
  eden space 7680K, 0% used [0x00000000d5580000,0x00000000d5580000,0x00000000d5d00000)
  from space 512K, 91% used [0x00000000d5e00000,0x00000000d5e75200,0x00000000d5e80000)
  to   space 512K, 0% used [0x00000000d5d00000,0x00000000d5d00000,0x00000000d5d80000)
 ParOldGen       total 1393664K, used 1393556K [0x0000000080000000, 0x00000000d5100000, 0x00000000d5580000)
  object space 1393664K, 99% used [0x0000000080000000,0x00000000d50e50f8,0x00000000d5100000)
 Metaspace       used 98916K, committed 100992K, reserved 1179648K
  class space    used 10104K, committed 11072K, reserved 1048576K
}
Event: 1571.092 GC heap before
{Heap before GC invocations=5266 (full 6):
 PSYoungGen      total 8192K, used 8148K [0x00000000d5580000, 0x00000000d5e80000, 0x0000000100000000)
  eden space 7680K, 100% used [0x00000000d5580000,0x00000000d5d00000,0x00000000d5d00000)
  from space 512K, 91% used [0x00000000d5e00000,0x00000000d5e75200,0x00000000d5e80000)
  to   space 512K, 0% used [0x00000000d5d00000,0x00000000d5d00000,0x00000000d5d80000)
 ParOldGen       total 1393664K, used 1393556K [0x0000000080000000, 0x00000000d5100000, 0x00000000d5580000)
  object space 1393664K, 99% used [0x0000000080000000,0x00000000d50e50f8,0x00000000d5100000)
 Metaspace       used 98939K, committed 100992K, reserved 1179648K
  class space    used 10104K, committed 11072K, reserved 1048576K
}
Event: 1571.097 GC heap after
{Heap after GC invocations=5266 (full 6):
 PSYoungGen      total 8192K, used 484K [0x00000000d5580000, 0x00000000d5f00000, 0x0000000100000000)
  eden space 7680K, 0% used [0x00000000d5580000,0x00000000d5580000,0x00000000d5d00000)
  from space 512K, 94% used [0x00000000d5d00000,0x00000000d5d79210,0x00000000d5d80000)
  to   space 1024K, 0% used [0x00000000d5e00000,0x00000000d5e00000,0x00000000d5f00000)
 ParOldGen       total 1393664K, used 1393604K [0x0000000080000000, 0x00000000d5100000, 0x00000000d5580000)
  object space 1393664K, 99% used [0x0000000080000000,0x00000000d50f10f8,0x00000000d5100000)
 Metaspace       used 98939K, committed 100992K, reserved 1179648K
  class space    used 10104K, committed 11072K, reserved 1048576K
}
Event: 1571.463 GC heap before
{Heap before GC invocations=5267 (full 6):
 PSYoungGen      total 8192K, used 8164K [0x00000000d5580000, 0x00000000d5f00000, 0x0000000100000000)
  eden space 7680K, 100% used [0x00000000d5580000,0x00000000d5d00000,0x00000000d5d00000)
  from space 512K, 94% used [0x00000000d5d00000,0x00000000d5d79210,0x00000000d5d80000)
  to   space 1024K, 0% used [0x00000000d5e00000,0x00000000d5e00000,0x00000000d5f00000)
 ParOldGen       total 1393664K, used 1393604K [0x0000000080000000, 0x00000000d5100000, 0x00000000d5580000)
  object space 1393664K, 99% used [0x0000000080000000,0x00000000d50f10f8,0x00000000d5100000)
 Metaspace       used 98939K, committed 100992K, reserved 1179648K
  class space    used 10104K, committed 11072K, reserved 1048576K
}
Event: 1571.468 GC heap after
{Heap after GC invocations=5267 (full 6):
 PSYoungGen      total 8704K, used 708K [0x00000000d5580000, 0x00000000d5f00000, 0x0000000100000000)
  eden space 7680K, 0% used [0x00000000d5580000,0x00000000d5580000,0x00000000d5d00000)
  from space 1024K, 69% used [0x00000000d5e00000,0x00000000d5eb1210,0x00000000d5f00000)
  to   space 1024K, 0% used [0x00000000d5d00000,0x00000000d5d00000,0x00000000d5e00000)
 ParOldGen       total 1393664K, used 1393644K [0x0000000080000000, 0x00000000d5100000, 0x00000000d5580000)
  object space 1393664K, 99% used [0x0000000080000000,0x00000000d50fb0f8,0x00000000d5100000)
 Metaspace       used 98939K, committed 100992K, reserved 1179648K
  class space    used 10104K, committed 11072K, reserved 1048576K
}
Event: 1571.795 GC heap before
{Heap before GC invocations=5268 (full 6):
 PSYoungGen      total 8704K, used 8388K [0x00000000d5580000, 0x00000000d5f00000, 0x0000000100000000)
  eden space 7680K, 100% used [0x00000000d5580000,0x00000000d5d00000,0x00000000d5d00000)
  from space 1024K, 69% used [0x00000000d5e00000,0x00000000d5eb1210,0x00000000d5f00000)
  to   space 1024K, 0% used [0x00000000d5d00000,0x00000000d5d00000,0x00000000d5e00000)
 ParOldGen       total 1393664K, used 1393644K [0x0000000080000000, 0x00000000d5100000, 0x00000000d5580000)
  object space 1393664K, 99% used [0x0000000080000000,0x00000000d50fb0f8,0x00000000d5100000)
 Metaspace       used 98951K, committed 100992K, reserved 1179648K
  class space    used 10107K, committed 11072K, reserved 1048576K
}
Event: 1571.800 GC heap after
{Heap after GC invocations=5268 (full 6):
 PSYoungGen      total 8704K, used 266K [0x00000000d5580000, 0x00000000d5e80000, 0x0000000100000000)
  eden space 7680K, 0% used [0x00000000d5580000,0x00000000d5580000,0x00000000d5d00000)
  from space 1024K, 26% used [0x00000000d5d00000,0x00000000d5d42910,0x00000000d5e00000)
  to   space 512K, 0% used [0x00000000d5e00000,0x00000000d5e00000,0x00000000d5e80000)
 ParOldGen       total 1394176K, used 1393668K [0x0000000080000000, 0x00000000d5180000, 0x00000000d5580000)
  object space 1394176K, 99% used [0x0000000080000000,0x00000000d51010f8,0x00000000d5180000)
 Metaspace       used 98951K, committed 100992K, reserved 1179648K
  class space    used 10107K, committed 11072K, reserved 1048576K
}

